<?xml version="1.0" encoding="UTF-8"?>
<!-- Generated by org.testng.reporters.JUnitReportReporter -->
<testsuite hostname="Sanju" failures="0" tests="2" name="TestNG.example12_MultiBrowserTesting" time="14.144" errors="0" timestamp="2023-06-21T08:10:34 IST" skipped="0">
  <testcase classname="TestNG.example12_MultiBrowserTesting" name="TC1" time="5.847"/>
  <system-out/>
  <testcase classname="TestNG.example12_MultiBrowserTesting" name="TC1" time="8.297"/>
  <system-out/>
</testsuite> <!-- TestNG.example12_MultiBrowserTesting -->
