<?xml version="1.0" encoding="UTF-8"?>
<!-- Generated by org.testng.reporters.JUnitReportReporter -->
<testsuite hostname="Sanju" failures="0" tests="1" name="POM_DDF_TestNG_BaseClass_UtilityClass_PropertyFile_FailedTCSS.PBLoginTest1" time="17.171" errors="0" timestamp="2023-06-22T08:44:23 IST" skipped="0">
  <testcase classname="POM_DDF_TestNG_BaseClass_UtilityClass_PropertyFile_FailedTCSS.PBLoginTest1" name="verifyFullName" time="17.171"/>
  <system-out/>
</testsuite> <!-- POM_DDF_TestNG_BaseClass_UtilityClass_PropertyFile_FailedTCSS.PBLoginTest1 -->
