<?xml version="1.0" encoding="UTF-8"?>
<!-- Generated by org.testng.reporters.JUnitReportReporter -->
<testsuite hostname="Sanju" failures="0" tests="1" name="TestNG.example11_Parallel2" time="7.594" errors="0" timestamp="2023-06-21T07:55:06 IST" skipped="0">
  <testcase classname="TestNG.example11_Parallel2" name="openGoogleApp" time="7.594"/>
  <system-out/>
</testsuite> <!-- TestNG.example11_Parallel2 -->
