<?xml version="1.0" encoding="UTF-8"?>
<!-- Generated by org.testng.reporters.JUnitReportReporter -->
<testsuite hostname="Sanju" failures="0" tests="1" name="POM_DDF_TestNG.PBLoginTest1" time="41.313" errors="0" timestamp="2023-06-21T08:41:52 IST" skipped="0">
  <testcase classname="POM_DDF_TestNG.PBLoginTest1" name="verifyFullName" time="41.313"/>
  <system-out/>
</testsuite> <!-- POM_DDF_TestNG.PBLoginTest1 -->
